app/build/intermediates/manifest_merge_blame_file/debug/manifest-merger-blame-debug-report.txt
1<?xml version="1.0" encoding="utf-8"?>
2<manifest xmlns:android="http://schemas.android.com/apk/res/android"
3    package="com.ultrashare"
4    android:versionCode="1"
5    android:versionName="1.0" >
6
7    <uses-sdk
8        android:minSdkVersion="26"
9        android:targetSdkVersion="34" />
10
11    <!-- Screen Capture -->
12    <uses-permission android:name="android.permission.FOREGROUND_SERVICE" />
12-->src/main/AndroidManifest.xml:6:5-77
12-->src/main/AndroidManifest.xml:6:22-74
13    <uses-permission android:name="android.permission.FOREGROUND_SERVICE_MEDIA_PROJECTION" />
13-->src/main/AndroidManifest.xml:7:5-94
13-->src/main/AndroidManifest.xml:7:22-91
14
15    <!-- WiFi Direct -->
16    <uses-permission android:name="android.permission.ACCESS_WIFI_STATE" />
16-->src/main/AndroidManifest.xml:10:5-76
16-->src/main/AndroidManifest.xml:10:22-73
17    <uses-permission android:name="android.permission.CHANGE_WIFI_STATE" />
17-->src/main/AndroidManifest.xml:11:5-76
17-->src/main/AndroidManifest.xml:11:22-73
18    <uses-permission android:name="android.permission.ACCESS_FINE_LOCATION" />
18-->src/main/AndroidManifest.xml:12:5-79
18-->src/main/AndroidManifest.xml:12:22-76
19    <uses-permission
19-->src/main/AndroidManifest.xml:13:5-14:58
20        android:name="android.permission.NEARBY_WIFI_DEVICES"
20-->src/main/AndroidManifest.xml:13:22-75
21        android:usesPermissionFlags="neverForLocation" />
21-->src/main/AndroidManifest.xml:14:9-55
22
23    <!-- Network -->
24    <uses-permission android:name="android.permission.INTERNET" />
24-->src/main/AndroidManifest.xml:17:5-67
24-->src/main/AndroidManifest.xml:17:22-64
25    <uses-permission android:name="android.permission.ACCESS_NETWORK_STATE" />
25-->src/main/AndroidManifest.xml:18:5-79
25-->src/main/AndroidManifest.xml:18:22-76
26    <uses-permission android:name="android.permission.CHANGE_NETWORK_STATE" />
26-->src/main/AndroidManifest.xml:19:5-79
26-->src/main/AndroidManifest.xml:19:22-76
27
28    <!-- Performance Locks -->
29    <uses-permission android:name="android.permission.WAKE_LOCK" />
29-->src/main/AndroidManifest.xml:22:5-68
29-->src/main/AndroidManifest.xml:22:22-65
30
31    <!-- Audio sharing -->
32    <uses-permission android:name="android.permission.RECORD_AUDIO" />
32-->src/main/AndroidManifest.xml:25:5-71
32-->src/main/AndroidManifest.xml:25:22-68
33
34    <!-- NFC pairing -->
35    <uses-permission android:name="android.permission.NFC" />
35-->src/main/AndroidManifest.xml:28:5-62
35-->src/main/AndroidManifest.xml:28:22-59
36
37    <uses-feature
37-->src/main/AndroidManifest.xml:29:5-82
38        android:name="android.hardware.nfc"
38-->src/main/AndroidManifest.xml:29:19-54
39        android:required="false" />
39-->src/main/AndroidManifest.xml:29:55-79
40
41    <!-- Clipboard sync -->
42    <uses-permission android:name="android.permission.READ_CLIPBOARD" />
42-->src/main/AndroidManifest.xml:32:5-73
42-->src/main/AndroidManifest.xml:32:22-70
43
44    <permission
44-->[androidx.core:core:1.12.0] AndroidManifest.xml:22:5-24:47
45        android:name="com.ultrashare.DYNAMIC_RECEIVER_NOT_EXPORTED_PERMISSION"
45-->[androidx.core:core:1.12.0] AndroidManifest.xml:23:9-81
46        android:protectionLevel="signature" />
46-->[androidx.core:core:1.12.0] AndroidManifest.xml:24:9-44
47
48    <uses-permission android:name="com.ultrashare.DYNAMIC_RECEIVER_NOT_EXPORTED_PERMISSION" />
48-->[androidx.core:core:1.12.0] AndroidManifest.xml:26:5-97
48-->[androidx.core:core:1.12.0] AndroidManifest.xml:26:22-94
49    <uses-permission android:name="android.permission.CAMERA" /> <!-- Don't require camera, as this requires a rear camera. This allows it to work on the Nexus 7 -->
49-->[com.journeyapps:zxing-android-embedded:4.3.0] AndroidManifest.xml:22:5-65
49-->[com.journeyapps:zxing-android-embedded:4.3.0] AndroidManifest.xml:22:22-62
50    <uses-feature
50-->[com.journeyapps:zxing-android-embedded:4.3.0] AndroidManifest.xml:25:5-27:36
51        android:name="android.hardware.camera"
51-->[com.journeyapps:zxing-android-embedded:4.3.0] AndroidManifest.xml:26:9-47
52        android:required="false" />
52-->[com.journeyapps:zxing-android-embedded:4.3.0] AndroidManifest.xml:27:9-33
53    <uses-feature
53-->[com.journeyapps:zxing-android-embedded:4.3.0] AndroidManifest.xml:28:5-30:36
54        android:name="android.hardware.camera.front"
54-->[com.journeyapps:zxing-android-embedded:4.3.0] AndroidManifest.xml:29:9-53
55        android:required="false" /> <!-- TODO replace above two with next line after Android 4.2 -->
55-->[com.journeyapps:zxing-android-embedded:4.3.0] AndroidManifest.xml:30:9-33
56    <!-- <uses-feature android:name="android.hardware.camera.any"/> -->
57    <uses-feature
57-->[com.journeyapps:zxing-android-embedded:4.3.0] AndroidManifest.xml:33:5-35:36
58        android:name="android.hardware.camera.autofocus"
58-->[com.journeyapps:zxing-android-embedded:4.3.0] AndroidManifest.xml:34:9-57
59        android:required="false" />
59-->[com.journeyapps:zxing-android-embedded:4.3.0] AndroidManifest.xml:35:9-33
60    <uses-feature
60-->[com.journeyapps:zxing-android-embedded:4.3.0] AndroidManifest.xml:36:5-38:36
61        android:name="android.hardware.camera.flash"
61-->[com.journeyapps:zxing-android-embedded:4.3.0] AndroidManifest.xml:37:9-53
62        android:required="false" />
62-->[com.journeyapps:zxing-android-embedded:4.3.0] AndroidManifest.xml:38:9-33
63    <uses-feature
63-->[com.journeyapps:zxing-android-embedded:4.3.0] AndroidManifest.xml:39:5-41:36
64        android:name="android.hardware.screen.landscape"
64-->[com.journeyapps:zxing-android-embedded:4.3.0] AndroidManifest.xml:40:9-57
65        android:required="false" />
65-->[com.journeyapps:zxing-android-embedded:4.3.0] AndroidManifest.xml:41:9-33
66    <uses-feature
66-->[com.journeyapps:zxing-android-embedded:4.3.0] AndroidManifest.xml:42:5-44:36
67        android:name="android.hardware.wifi"
67-->[com.journeyapps:zxing-android-embedded:4.3.0] AndroidManifest.xml:43:9-45
68        android:required="false" />
68-->[com.journeyapps:zxing-android-embedded:4.3.0] AndroidManifest.xml:44:9-33
69
70    <application
70-->src/main/AndroidManifest.xml:34:5-79:19
71        android:name="com.ultrashare.UltraShareApp"
71-->src/main/AndroidManifest.xml:35:9-38
72        android:allowBackup="false"
72-->src/main/AndroidManifest.xml:36:9-36
73        android:appComponentFactory="androidx.core.app.CoreComponentFactory"
73-->[androidx.core:core:1.12.0] AndroidManifest.xml:28:18-86
74        android:debuggable="true"
75        android:extractNativeLibs="false"
76        android:hardwareAccelerated="true"
76-->src/main/AndroidManifest.xml:37:9-43
77        android:label="UltraShare" >
77-->src/main/AndroidManifest.xml:38:9-35
78
79        <!-- Main Activity -->
80        <activity
80-->src/main/AndroidManifest.xml:41:9-50:20
81            android:name="com.ultrashare.MainActivity"
81-->src/main/AndroidManifest.xml:42:13-41
82            android:exported="true"
82-->src/main/AndroidManifest.xml:43:13-36
83            android:screenOrientation="unspecified"
83-->src/main/AndroidManifest.xml:44:13-52
84            android:windowSoftInputMode="adjustNothing" >
84-->src/main/AndroidManifest.xml:45:13-56
85            <intent-filter>
85-->src/main/AndroidManifest.xml:46:13-49:29
86                <action android:name="android.intent.action.MAIN" />
86-->src/main/AndroidManifest.xml:47:17-69
86-->src/main/AndroidManifest.xml:47:25-66
87
88                <category android:name="android.intent.category.LAUNCHER" />
88-->src/main/AndroidManifest.xml:48:17-77
88-->src/main/AndroidManifest.xml:48:27-74
89            </intent-filter>
90        </activity>
91
92        <!-- Viewer Activity -->
93        <activity
93-->src/main/AndroidManifest.xml:53:9-57:94
94            android:name="com.ultrashare.viewer.ViewerActivity"
94-->src/main/AndroidManifest.xml:54:13-50
95            android:configChanges="screenSize|smallestScreenSize|screenLayout|orientation"
95-->src/main/AndroidManifest.xml:57:13-91
96            android:exported="false"
96-->src/main/AndroidManifest.xml:55:13-37
97            android:supportsPictureInPicture="true" />
97-->src/main/AndroidManifest.xml:56:13-52
98
99        <!-- Host Foreground Service — Feature #91 -->
100        <service
100-->src/main/AndroidManifest.xml:60:9-63:63
101            android:name="com.ultrashare.host.HostService"
101-->src/main/AndroidManifest.xml:61:13-45
102            android:exported="false"
102-->src/main/AndroidManifest.xml:62:13-37
103            android:foregroundServiceType="mediaProjection" />
103-->src/main/AndroidManifest.xml:63:13-60
104
105        <!-- Input Relay Accessibility Service — Feature #53 -->
106        <service
106-->src/main/AndroidManifest.xml:66:9-77:19
107            android:name="com.ultrashare.input.InputRelayService"
107-->src/main/AndroidManifest.xml:67:13-52
108            android:exported="true"
108-->src/main/AndroidManifest.xml:68:13-36
109            android:label="UltraShare Input Relay"
109-->src/main/AndroidManifest.xml:70:13-51
110            android:permission="android.permission.BIND_ACCESSIBILITY_SERVICE" >
110-->src/main/AndroidManifest.xml:69:13-79
111            <intent-filter>
111-->src/main/AndroidManifest.xml:71:13-73:29
112                <action android:name="android.accessibilityservice.AccessibilityService" />
112-->src/main/AndroidManifest.xml:72:17-92
112-->src/main/AndroidManifest.xml:72:25-89
113            </intent-filter>
114
115            <meta-data
115-->src/main/AndroidManifest.xml:74:13-76:72
116                android:name="android.accessibilityservice"
116-->src/main/AndroidManifest.xml:75:17-60
117                android:resource="@xml/accessibility_service_config" />
117-->src/main/AndroidManifest.xml:76:17-69
118        </service>
119
120        <provider
120-->[androidx.emoji2:emoji2:1.3.0] AndroidManifest.xml:24:9-32:20
121            android:name="androidx.startup.InitializationProvider"
121-->[androidx.emoji2:emoji2:1.3.0] AndroidManifest.xml:25:13-67
122            android:authorities="com.ultrashare.androidx-startup"
122-->[androidx.emoji2:emoji2:1.3.0] AndroidManifest.xml:26:13-68
123            android:exported="false" >
123-->[androidx.emoji2:emoji2:1.3.0] AndroidManifest.xml:27:13-37
124            <meta-data
124-->[androidx.emoji2:emoji2:1.3.0] AndroidManifest.xml:29:13-31:52
125                android:name="androidx.emoji2.text.EmojiCompatInitializer"
125-->[androidx.emoji2:emoji2:1.3.0] AndroidManifest.xml:30:17-75
126                android:value="androidx.startup" />
126-->[androidx.emoji2:emoji2:1.3.0] AndroidManifest.xml:31:17-49
127            <meta-data
127-->[androidx.lifecycle:lifecycle-process:2.6.1] AndroidManifest.xml:29:13-31:52
128                android:name="androidx.lifecycle.ProcessLifecycleInitializer"
128-->[androidx.lifecycle:lifecycle-process:2.6.1] AndroidManifest.xml:30:17-78
129                android:value="androidx.startup" />
129-->[androidx.lifecycle:lifecycle-process:2.6.1] AndroidManifest.xml:31:17-49
130            <meta-data
130-->[androidx.profileinstaller:profileinstaller:1.3.0] AndroidManifest.xml:29:13-31:52
131                android:name="androidx.profileinstaller.ProfileInstallerInitializer"
131-->[androidx.profileinstaller:profileinstaller:1.3.0] AndroidManifest.xml:30:17-85
132                android:value="androidx.startup" />
132-->[androidx.profileinstaller:profileinstaller:1.3.0] AndroidManifest.xml:31:17-49
133        </provider>
134
135        <receiver
135-->[androidx.profileinstaller:profileinstaller:1.3.0] AndroidManifest.xml:34:9-52:20
136            android:name="androidx.profileinstaller.ProfileInstallReceiver"
136-->[androidx.profileinstaller:profileinstaller:1.3.0] AndroidManifest.xml:35:13-76
137            android:directBootAware="false"
137-->[androidx.profileinstaller:profileinstaller:1.3.0] AndroidManifest.xml:36:13-44
138            android:enabled="true"
138-->[androidx.profileinstaller:profileinstaller:1.3.0] AndroidManifest.xml:37:13-35
139            android:exported="true"
139-->[androidx.profileinstaller:profileinstaller:1.3.0] AndroidManifest.xml:38:13-36
140            android:permission="android.permission.DUMP" >
140-->[androidx.profileinstaller:profileinstaller:1.3.0] AndroidManifest.xml:39:13-57
141            <intent-filter>
141-->[androidx.profileinstaller:profileinstaller:1.3.0] AndroidManifest.xml:40:13-42:29
142                <action android:name="androidx.profileinstaller.action.INSTALL_PROFILE" />
142-->[androidx.profileinstaller:profileinstaller:1.3.0] AndroidManifest.xml:41:17-91
142-->[androidx.profileinstaller:profileinstaller:1.3.0] AndroidManifest.xml:41:25-88
143            </intent-filter>
144            <intent-filter>
144-->[androidx.profileinstaller:profileinstaller:1.3.0] AndroidManifest.xml:43:13-45:29
145                <action android:name="androidx.profileinstaller.action.SKIP_FILE" />
145-->[androidx.profileinstaller:profileinstaller:1.3.0] AndroidManifest.xml:44:17-85
145-->[androidx.profileinstaller:profileinstaller:1.3.0] AndroidManifest.xml:44:25-82
146            </intent-filter>
147            <intent-filter>
147-->[androidx.profileinstaller:profileinstaller:1.3.0] AndroidManifest.xml:46:13-48:29
148                <action android:name="androidx.profileinstaller.action.SAVE_PROFILE" />
148-->[androidx.profileinstaller:profileinstaller:1.3.0] AndroidManifest.xml:47:17-88
148-->[androidx.profileinstaller:profileinstaller:1.3.0] AndroidManifest.xml:47:25-85
149            </intent-filter>
150            <intent-filter>
150-->[androidx.profileinstaller:profileinstaller:1.3.0] AndroidManifest.xml:49:13-51:29
151                <action android:name="androidx.profileinstaller.action.BENCHMARK_OPERATION" />
151-->[androidx.profileinstaller:profileinstaller:1.3.0] AndroidManifest.xml:50:17-95
151-->[androidx.profileinstaller:profileinstaller:1.3.0] AndroidManifest.xml:50:25-92
152            </intent-filter>
153        </receiver>
154
155        <activity
155-->[com.journeyapps:zxing-android-embedded:4.3.0] AndroidManifest.xml:47:9-53:63
156            android:name="com.journeyapps.barcodescanner.CaptureActivity"
156-->[com.journeyapps:zxing-android-embedded:4.3.0] AndroidManifest.xml:48:13-74
157            android:clearTaskOnLaunch="true"
157-->[com.journeyapps:zxing-android-embedded:4.3.0] AndroidManifest.xml:49:13-45
158            android:screenOrientation="sensorLandscape"
158-->[com.journeyapps:zxing-android-embedded:4.3.0] AndroidManifest.xml:50:13-56
159            android:stateNotNeeded="true"
159-->[com.journeyapps:zxing-android-embedded:4.3.0] AndroidManifest.xml:51:13-42
160            android:theme="@style/zxing_CaptureTheme"
160-->[com.journeyapps:zxing-android-embedded:4.3.0] AndroidManifest.xml:52:13-54
161            android:windowSoftInputMode="stateAlwaysHidden" />
161-->[com.journeyapps:zxing-android-embedded:4.3.0] AndroidManifest.xml:53:13-60
162    </application>
163
164</manifest>